<?xml version="1.0" encoding="UTF-8"?>
<testsuite xmlns:xsi="http://www.w3.org/2001/XMLSchema-instance" xsi:noNamespaceSchemaLocation="https://maven.apache.org/surefire/maven-surefire-plugin/xsd/surefire-test-report-3.0.xsd" version="3.0" name="OrderTest" time="0.742" tests="2" errors="0" skipped="0" failures="0">
  <properties>
[...]
</properties>
  <testcase name="orderPriceCorrect" classname="OrderTest" time="0.678"/>
  <testcase name="discountIsCorrect" classname="OrderTest" time="0"/>
</testsuite>